Build started 8/18/2016 4:04:00 AM.
     1>Project "C:\Users\AhmedB\Desktop\University work\Semester 2\Computer_Programming\Programs\OverLoadedFunction\OverLoadedFunction\OverLoadedFunction.vcxproj" on node 2 (build target(s)).
     1>InitializeBuildStatus:
         Creating "Debug\OverLoadedFunction.unsuccessfulbuild" because "AlwaysCreate" was specified.
       ClCompile:
         C:\Program Files (x86)\Microsoft Visual Studio 10.0\VC\bin\CL.exe /c /ZI /nologo /W3 /WX- /Od /Oy- /D _MBCS /Gm /EHsc /RTC1 /MDd /GS /fp:precise /Zc:wchar_t /Zc:forScope /Fo"Debug\\" /Fd"Debug\vc100.pdb" /Gd /TP /analyze- /errorReport:prompt source.cpp
         source.cpp
     1>c:\users\ahmedb\desktop\university work\semester 2\computer_programming\programs\overloadedfunction\overloadedfunction\source.cpp(7): warning C4244: 'initializing' : conversion from 'double' to 'int', possible loss of data
     1>c:\users\ahmedb\desktop\university work\semester 2\computer_programming\programs\overloadedfunction\overloadedfunction\source.cpp(48): warning C4996: 'getch': The POSIX name for this item is deprecated. Instead, use the ISO C++ conformant name: _getch. See online help for details.
                 c:\program files (x86)\microsoft visual studio 10.0\vc\include\conio.h(128) : see declaration of 'getch'
       Link:
         C:\Program Files (x86)\Microsoft Visual Studio 10.0\VC\bin\link.exe /ERRORREPORT:PROMPT /OUT:"C:\Users\AhmedB\Desktop\University work\Semester 2\Computer_Programming\Programs\OverLoadedFunction\Debug\OverLoadedFunction.exe" /NOLOGO kernel32.lib user32.lib gdi32.lib winspool.lib comdlg32.lib advapi32.lib shell32.lib ole32.lib oleaut32.lib uuid.lib odbc32.lib odbccp32.lib /MANIFEST /ManifestFile:"Debug\OverLoadedFunction.exe.intermediate.manifest" /MANIFESTUAC:"level='asInvoker' uiAccess='false'" /DEBUG /PDB:"C:\Users\AhmedB\Desktop\University work\Semester 2\Computer_Programming\Programs\OverLoadedFunction\Debug\OverLoadedFunction.pdb" /TLBID:1 /DYNAMICBASE /NXCOMPAT /IMPLIB:"C:\Users\AhmedB\Desktop\University work\Semester 2\Computer_Programming\Programs\OverLoadedFunction\Debug\OverLoadedFunction.lib" /MACHINE:X86 Debug\source.obj
         LINK : C:\Users\AhmedB\Desktop\University work\Semester 2\Computer_Programming\Programs\OverLoadedFunction\Debug\OverLoadedFunction.exe not found or not built by the last incremental link; performing full link
         OverLoadedFunction.vcxproj -> C:\Users\AhmedB\Desktop\University work\Semester 2\Computer_Programming\Programs\OverLoadedFunction\Debug\OverLoadedFunction.exe
       Manifest:
         C:\Program Files (x86)\Microsoft SDKs\Windows\v7.0A\bin\mt.exe /nologo /verbose /outputresource:"C:\Users\AhmedB\Desktop\University work\Semester 2\Computer_Programming\Programs\OverLoadedFunction\Debug\OverLoadedFunction.exe;#1" /manifest Debug\OverLoadedFunction.exe.intermediate.manifest
       FinalizeBuildStatus:
         Deleting file "Debug\OverLoadedFunction.unsuccessfulbuild".
         Touching "Debug\OverLoadedFunction.lastbuildstate".
     1>Done Building Project "C:\Users\AhmedB\Desktop\University work\Semester 2\Computer_Programming\Programs\OverLoadedFunction\OverLoadedFunction\OverLoadedFunction.vcxproj" (build target(s)).

Build succeeded.

Time Elapsed 00:00:01.16
