Build started 8/17/2016 11:05:32 PM.
     1>Project "C:\Users\AhmedB\Desktop\University work\Semester 2\Computer_Programming\Programs\Scientific_Calculator\Scientific_Calculator\Scientific_Calculator.vcxproj" on node 2 (build target(s)).
     1>InitializeBuildStatus:
         Creating "Debug\Scientific_Calculator.unsuccessfulbuild" because "AlwaysCreate" was specified.
       ClCompile:
         C:\Program Files (x86)\Microsoft Visual Studio 10.0\VC\bin\CL.exe /c /ZI /nologo /W3 /WX- /Od /Oy- /D _MBCS /Gm /EHsc /RTC1 /MDd /GS /fp:precise /Zc:wchar_t /Zc:forScope /Fo"Debug\\" /Fd"Debug\vc100.pdb" /Gd /TP /analyze- /errorReport:prompt source.cpp
         source.cpp
     1>c:\users\ahmedb\desktop\university work\semester 2\computer_programming\programs\scientific_calculator\scientific_calculator\source.cpp(142): warning C4244: '*=' : conversion from 'double' to 'int', possible loss of data
     1>c:\users\ahmedb\desktop\university work\semester 2\computer_programming\programs\scientific_calculator\scientific_calculator\source.cpp(157): warning C4996: 'getch': The POSIX name for this item is deprecated. Instead, use the ISO C++ conformant name: _getch. See online help for details.
                 c:\program files (x86)\microsoft visual studio 10.0\vc\include\conio.h(128) : see declaration of 'getch'
       Link:
         C:\Program Files (x86)\Microsoft Visual Studio 10.0\VC\bin\link.exe /ERRORREPORT:PROMPT /OUT:"C:\Users\AhmedB\Desktop\University work\Semester 2\Computer_Programming\Programs\Scientific_Calculator\Debug\Scientific_Calculator.exe" /NOLOGO kernel32.lib user32.lib gdi32.lib winspool.lib comdlg32.lib advapi32.lib shell32.lib ole32.lib oleaut32.lib uuid.lib odbc32.lib odbccp32.lib /MANIFEST /ManifestFile:"Debug\Scientific_Calculator.exe.intermediate.manifest" /MANIFESTUAC:"level='asInvoker' uiAccess='false'" /DEBUG /PDB:"C:\Users\AhmedB\Desktop\University work\Semester 2\Computer_Programming\Programs\Scientific_Calculator\Debug\Scientific_Calculator.pdb" /TLBID:1 /DYNAMICBASE /NXCOMPAT /IMPLIB:"C:\Users\AhmedB\Desktop\University work\Semester 2\Computer_Programming\Programs\Scientific_Calculator\Debug\Scientific_Calculator.lib" /MACHINE:X86 Debug\source.obj
         LINK : C:\Users\AhmedB\Desktop\University work\Semester 2\Computer_Programming\Programs\Scientific_Calculator\Debug\Scientific_Calculator.exe not found or not built by the last incremental link; performing full link
         Scientific_Calculator.vcxproj -> C:\Users\AhmedB\Desktop\University work\Semester 2\Computer_Programming\Programs\Scientific_Calculator\Debug\Scientific_Calculator.exe
       Manifest:
         C:\Program Files (x86)\Microsoft SDKs\Windows\v7.0A\bin\mt.exe /nologo /verbose /outputresource:"C:\Users\AhmedB\Desktop\University work\Semester 2\Computer_Programming\Programs\Scientific_Calculator\Debug\Scientific_Calculator.exe;#1" /manifest Debug\Scientific_Calculator.exe.intermediate.manifest
       FinalizeBuildStatus:
         Deleting file "Debug\Scientific_Calculator.unsuccessfulbuild".
         Touching "Debug\Scientific_Calculator.lastbuildstate".
     1>Done Building Project "C:\Users\AhmedB\Desktop\University work\Semester 2\Computer_Programming\Programs\Scientific_Calculator\Scientific_Calculator\Scientific_Calculator.vcxproj" (build target(s)).

Build succeeded.

Time Elapsed 00:00:01.24
